0 info it worked if it ends with ok
1 verbose cli [ '/Users/johnuphoff/.nvm/versions/node/v6.11.0/bin/node',
1 verbose cli   '/Users/johnuphoff/.nvm/versions/node/v6.11.0/bin/npm',
1 verbose cli   'run',
1 verbose cli   'watch' ]
2 info using npm@3.10.10
3 info using node@v6.11.0
4 verbose run-script [ 'prewatch', 'watch', 'postwatch' ]
5 info lifecycle srt@0.0.1~prewatch: srt@0.0.1
6 silly lifecycle srt@0.0.1~prewatch: no script for prewatch, continuing
7 info lifecycle srt@0.0.1~watch: srt@0.0.1
8 verbose lifecycle srt@0.0.1~watch: unsafe-perm in lifecycle true
9 verbose lifecycle srt@0.0.1~watch: PATH: /Users/johnuphoff/.nvm/versions/node/v6.11.0/lib/node_modules/npm/bin/node-gyp-bin:/Users/johnuphoff/Dev/srt/node_modules/.bin:/Applications/Postgres.app/Contents/Versions/9.4/bin:/Users/johnuphoff/Library/Python/2.7/bin:/Users/johnuphoff/.nvm/versions/node/v6.11.0/bin:/usr/local/bin:/usr/bin:/bin:/usr/sbin:/sbin:/usr/local/share/dotnet:/Library/Frameworks/Mono.framework/Versions/Current/Commands
10 verbose lifecycle srt@0.0.1~watch: CWD: /Users/johnuphoff/Dev/srt
11 silly lifecycle srt@0.0.1~watch: Args: [ '-c', 'tsc -watch -p ./' ]
12 silly lifecycle srt@0.0.1~watch: Returned: code: 1  signal: null
13 info lifecycle srt@0.0.1~watch: Failed to exec watch script
14 verbose stack Error: srt@0.0.1 watch: `tsc -watch -p ./`
14 verbose stack Exit status 1
14 verbose stack     at EventEmitter.<anonymous> (/Users/johnuphoff/.nvm/versions/node/v6.11.0/lib/node_modules/npm/lib/utils/lifecycle.js:255:16)
14 verbose stack     at emitTwo (events.js:106:13)
14 verbose stack     at EventEmitter.emit (events.js:191:7)
14 verbose stack     at ChildProcess.<anonymous> (/Users/johnuphoff/.nvm/versions/node/v6.11.0/lib/node_modules/npm/lib/utils/spawn.js:40:14)
14 verbose stack     at emitTwo (events.js:106:13)
14 verbose stack     at ChildProcess.emit (events.js:191:7)
14 verbose stack     at maybeClose (internal/child_process.js:891:16)
14 verbose stack     at Process.ChildProcess._handle.onexit (internal/child_process.js:226:5)
15 verbose pkgid srt@0.0.1
16 verbose cwd /Users/johnuphoff/Dev/srt
17 error Darwin 17.6.0
18 error argv "/Users/johnuphoff/.nvm/versions/node/v6.11.0/bin/node" "/Users/johnuphoff/.nvm/versions/node/v6.11.0/bin/npm" "run" "watch"
19 error node v6.11.0
20 error npm  v3.10.10
21 error code ELIFECYCLE
22 error srt@0.0.1 watch: `tsc -watch -p ./`
22 error Exit status 1
23 error Failed at the srt@0.0.1 watch script 'tsc -watch -p ./'.
23 error Make sure you have the latest version of node.js and npm installed.
23 error If you do, this is most likely a problem with the srt package,
23 error not with npm itself.
23 error Tell the author that this fails on your system:
23 error     tsc -watch -p ./
23 error You can get information on how to open an issue for this project with:
23 error     npm bugs srt
23 error Or if that isn't available, you can get their info via:
23 error     npm owner ls srt
23 error There is likely additional logging output above.
24 verbose exit [ 1, true ]
